2025-02-20 15:18:32,279:WARNING:
'cuml' is a soft dependency and not included in the pycaret installation. Please run: `pip install cuml` to install.
2025-02-20 15:18:32,279:WARNING:
'cuml' is a soft dependency and not included in the pycaret installation. Please run: `pip install cuml` to install.
2025-02-20 15:18:32,279:WARNING:
'cuml' is a soft dependency and not included in the pycaret installation. Please run: `pip install cuml` to install.
2025-02-20 15:18:32,279:WARNING:
'cuml' is a soft dependency and not included in the pycaret installation. Please run: `pip install cuml` to install.
2025-02-20 17:37:16,101:WARNING:
'cuml' is a soft dependency and not included in the pycaret installation. Please run: `pip install cuml` to install.
2025-02-20 17:37:16,101:WARNING:
'cuml' is a soft dependency and not included in the pycaret installation. Please run: `pip install cuml` to install.
2025-02-20 17:37:16,101:WARNING:
'cuml' is a soft dependency and not included in the pycaret installation. Please run: `pip install cuml` to install.
2025-02-20 17:37:16,101:WARNING:
'cuml' is a soft dependency and not included in the pycaret installation. Please run: `pip install cuml` to install.
2025-02-21 19:24:33,955:WARNING:
'cuml' is a soft dependency and not included in the pycaret installation. Please run: `pip install cuml` to install.
2025-02-21 19:24:33,956:WARNING:
'cuml' is a soft dependency and not included in the pycaret installation. Please run: `pip install cuml` to install.
2025-02-21 19:24:33,956:WARNING:
'cuml' is a soft dependency and not included in the pycaret installation. Please run: `pip install cuml` to install.
2025-02-21 19:24:33,956:WARNING:
'cuml' is a soft dependency and not included in the pycaret installation. Please run: `pip install cuml` to install.
2025-02-21 19:32:02,278:WARNING:
'cuml' is a soft dependency and not included in the pycaret installation. Please run: `pip install cuml` to install.
2025-02-21 19:32:02,278:WARNING:
'cuml' is a soft dependency and not included in the pycaret installation. Please run: `pip install cuml` to install.
2025-02-21 19:32:02,278:WARNING:
'cuml' is a soft dependency and not included in the pycaret installation. Please run: `pip install cuml` to install.
2025-02-21 19:32:02,278:WARNING:
'cuml' is a soft dependency and not included in the pycaret installation. Please run: `pip install cuml` to install.
2025-02-21 19:53:51,450:WARNING:
'cuml' is a soft dependency and not included in the pycaret installation. Please run: `pip install cuml` to install.
2025-02-21 19:53:51,450:WARNING:
'cuml' is a soft dependency and not included in the pycaret installation. Please run: `pip install cuml` to install.
2025-02-21 19:53:51,450:WARNING:
'cuml' is a soft dependency and not included in the pycaret installation. Please run: `pip install cuml` to install.
2025-02-21 19:53:51,450:WARNING:
'cuml' is a soft dependency and not included in the pycaret installation. Please run: `pip install cuml` to install.
2025-02-21 19:54:27,360:INFO:PyCaret ClassificationExperiment
2025-02-21 19:54:27,360:INFO:Logging name: clf-default-name
2025-02-21 19:54:27,360:INFO:ML Usecase: MLUsecase.CLASSIFICATION
2025-02-21 19:54:27,360:INFO:version 3.3.2
2025-02-21 19:54:27,360:INFO:Initializing setup()
2025-02-21 19:54:27,360:INFO:self.USI: b40d
2025-02-21 19:54:27,360:INFO:self._variable_keys: {'gpu_param', 'y_train', 'target_param', 'idx', 'is_multiclass', 'fold_groups_param', 'exp_name_log', 'X_test', 'html_param', 'log_plots_param', '_available_plots', 'fix_imbalance', 'n_jobs_param', 'logging_param', 'exp_id', 'X_train', 'memory', 'fold_shuffle_param', 'y', 'gpu_n_jobs_param', 'USI', 'seed', 'y_test', 'fold_generator', '_ml_usecase', 'pipeline', 'data', 'X'}
2025-02-21 19:54:27,360:INFO:Checking environment
2025-02-21 19:54:27,360:INFO:python_version: 3.11.9
2025-02-21 19:54:27,360:INFO:python_build: ('main', 'Apr 19 2024 16:40:41')
2025-02-21 19:54:27,360:INFO:machine: AMD64
2025-02-21 19:54:27,377:INFO:platform: Windows-10-10.0.26100-SP0
2025-02-21 19:54:27,383:INFO:Memory: svmem(total=34022686720, available=8674357248, percent=74.5, used=25348329472, free=8674357248)
2025-02-21 19:54:27,384:INFO:Physical Core: 6
2025-02-21 19:54:27,384:INFO:Logical Core: 12
2025-02-21 19:54:27,384:INFO:Checking libraries
2025-02-21 19:54:27,384:INFO:System:
2025-02-21 19:54:27,384:INFO:    python: 3.11.9 | packaged by Anaconda, Inc. | (main, Apr 19 2024, 16:40:41) [MSC v.1916 64 bit (AMD64)]
2025-02-21 19:54:27,384:INFO:executable: C:\Users\diver\anaconda3\envs\namedesprojekts\python.exe
2025-02-21 19:54:27,384:INFO:   machine: Windows-10-10.0.26100-SP0
2025-02-21 19:54:27,384:INFO:PyCaret required dependencies:
2025-02-21 19:54:27,430:INFO:                 pip: 25.0
2025-02-21 19:54:27,431:INFO:          setuptools: 75.8.0
2025-02-21 19:54:27,431:INFO:             pycaret: 3.3.2
2025-02-21 19:54:27,431:INFO:             IPython: 8.32.0
2025-02-21 19:54:27,431:INFO:          ipywidgets: 8.1.5
2025-02-21 19:54:27,431:INFO:                tqdm: 4.67.1
2025-02-21 19:54:27,431:INFO:               numpy: 1.26.4
2025-02-21 19:54:27,431:INFO:              pandas: 2.1.4
2025-02-21 19:54:27,431:INFO:              jinja2: 3.1.5
2025-02-21 19:54:27,431:INFO:               scipy: 1.11.4
2025-02-21 19:54:27,431:INFO:              joblib: 1.3.2
2025-02-21 19:54:27,431:INFO:             sklearn: 1.4.2
2025-02-21 19:54:27,431:INFO:                pyod: 2.0.3
2025-02-21 19:54:27,431:INFO:            imblearn: 0.13.0
2025-02-21 19:54:27,431:INFO:   category_encoders: 2.7.0
2025-02-21 19:54:27,431:INFO:            lightgbm: 4.6.0
2025-02-21 19:54:27,431:INFO:               numba: 0.61.0
2025-02-21 19:54:27,431:INFO:            requests: 2.32.3
2025-02-21 19:54:27,431:INFO:          matplotlib: 3.7.5
2025-02-21 19:54:27,431:INFO:          scikitplot: 0.3.7
2025-02-21 19:54:27,431:INFO:         yellowbrick: 1.5
2025-02-21 19:54:27,431:INFO:              plotly: 5.24.1
2025-02-21 19:54:27,431:INFO:    plotly-resampler: Not installed
2025-02-21 19:54:27,431:INFO:             kaleido: 0.2.1
2025-02-21 19:54:27,431:INFO:           schemdraw: 0.15
2025-02-21 19:54:27,431:INFO:         statsmodels: 0.14.4
2025-02-21 19:54:27,431:INFO:              sktime: 0.26.0
2025-02-21 19:54:27,431:INFO:               tbats: 1.1.3
2025-02-21 19:54:27,431:INFO:            pmdarima: 2.0.4
2025-02-21 19:54:27,431:INFO:              psutil: 7.0.0
2025-02-21 19:54:27,431:INFO:          markupsafe: 3.0.2
2025-02-21 19:54:27,431:INFO:             pickle5: Not installed
2025-02-21 19:54:27,431:INFO:         cloudpickle: 3.1.1
2025-02-21 19:54:27,431:INFO:         deprecation: 2.1.0
2025-02-21 19:54:27,431:INFO:              xxhash: 3.5.0
2025-02-21 19:54:27,431:INFO:           wurlitzer: Not installed
2025-02-21 19:54:27,431:INFO:PyCaret optional dependencies:
2025-02-21 19:54:27,439:INFO:                shap: Not installed
2025-02-21 19:54:27,439:INFO:           interpret: Not installed
2025-02-21 19:54:27,439:INFO:                umap: Not installed
2025-02-21 19:54:27,439:INFO:     ydata_profiling: Not installed
2025-02-21 19:54:27,439:INFO:  explainerdashboard: Not installed
2025-02-21 19:54:27,439:INFO:             autoviz: Not installed
2025-02-21 19:54:27,439:INFO:           fairlearn: Not installed
2025-02-21 19:54:27,439:INFO:          deepchecks: Not installed
2025-02-21 19:54:27,439:INFO:             xgboost: 2.1.4
2025-02-21 19:54:27,439:INFO:            catboost: 1.2.7
2025-02-21 19:54:27,439:INFO:              kmodes: Not installed
2025-02-21 19:54:27,439:INFO:             mlxtend: Not installed
2025-02-21 19:54:27,439:INFO:       statsforecast: Not installed
2025-02-21 19:54:27,439:INFO:        tune_sklearn: Not installed
2025-02-21 19:54:27,439:INFO:                 ray: Not installed
2025-02-21 19:54:27,439:INFO:            hyperopt: Not installed
2025-02-21 19:54:27,439:INFO:              optuna: Not installed
2025-02-21 19:54:27,439:INFO:               skopt: Not installed
2025-02-21 19:54:27,439:INFO:              mlflow: Not installed
2025-02-21 19:54:27,439:INFO:              gradio: Not installed
2025-02-21 19:54:27,439:INFO:             fastapi: Not installed
2025-02-21 19:54:27,439:INFO:             uvicorn: Not installed
2025-02-21 19:54:27,439:INFO:              m2cgen: Not installed
2025-02-21 19:54:27,439:INFO:           evidently: Not installed
2025-02-21 19:54:27,439:INFO:               fugue: Not installed
2025-02-21 19:54:27,439:INFO:           streamlit: 1.42.2
2025-02-21 19:54:27,439:INFO:             prophet: Not installed
2025-02-21 19:54:27,439:INFO:None
2025-02-21 19:54:27,439:INFO:Set up data.
2025-02-21 19:54:27,442:INFO:Set up folding strategy.
2025-02-21 19:54:27,442:INFO:Set up train/test split.
2025-02-21 19:54:27,447:INFO:Set up index.
2025-02-21 19:54:27,447:INFO:Assigning column types.
2025-02-21 19:54:27,449:INFO:Engine successfully changes for model 'lr' to 'sklearn'.
2025-02-21 19:54:27,475:INFO:Engine for model 'knn' has not been set explicitly, hence returning None.
2025-02-21 19:54:27,478:INFO:Engine for model 'rbfsvm' has not been set explicitly, hence returning None.
2025-02-21 19:54:27,500:INFO:Soft dependency imported: xgboost: 2.1.4
2025-02-21 19:54:27,502:INFO:Soft dependency imported: catboost: 1.2.7
2025-02-21 19:54:27,527:INFO:Engine for model 'knn' has not been set explicitly, hence returning None.
2025-02-21 19:54:27,528:INFO:Engine for model 'rbfsvm' has not been set explicitly, hence returning None.
2025-02-21 19:54:27,545:INFO:Soft dependency imported: xgboost: 2.1.4
2025-02-21 19:54:27,546:INFO:Soft dependency imported: catboost: 1.2.7
2025-02-21 19:54:27,547:INFO:Engine successfully changes for model 'knn' to 'sklearn'.
2025-02-21 19:54:27,573:INFO:Engine for model 'rbfsvm' has not been set explicitly, hence returning None.
2025-02-21 19:54:27,588:INFO:Soft dependency imported: xgboost: 2.1.4
2025-02-21 19:54:27,590:INFO:Soft dependency imported: catboost: 1.2.7
2025-02-21 19:54:27,617:INFO:Engine for model 'rbfsvm' has not been set explicitly, hence returning None.
2025-02-21 19:54:27,636:INFO:Soft dependency imported: xgboost: 2.1.4
2025-02-21 19:54:27,638:INFO:Soft dependency imported: catboost: 1.2.7
2025-02-21 19:54:27,638:INFO:Engine successfully changes for model 'rbfsvm' to 'sklearn'.
2025-02-21 19:54:27,690:INFO:Soft dependency imported: xgboost: 2.1.4
2025-02-21 19:54:27,692:INFO:Soft dependency imported: catboost: 1.2.7
2025-02-21 19:54:27,747:INFO:Soft dependency imported: xgboost: 2.1.4
2025-02-21 19:54:27,748:INFO:Soft dependency imported: catboost: 1.2.7
2025-02-21 19:54:27,750:INFO:Preparing preprocessing pipeline...
2025-02-21 19:54:27,752:INFO:Set up simple imputation.
2025-02-21 19:54:27,785:INFO:Finished creating preprocessing pipeline.
2025-02-21 19:54:27,788:INFO:Pipeline: Pipeline(memory=FastMemory(location=C:\Users\diver\AppData\Local\Temp\joblib),
         steps=[('numerical_imputer',
                 TransformerWrapper(exclude=None,
                                    include=['feature_1', 'feature_2'],
                                    transformer=SimpleImputer(add_indicator=False,
                                                              copy=True,
                                                              fill_value=None,
                                                              keep_empty_features=False,
                                                              missing_values=nan,
                                                              strategy='mean'))),
                ('categorical_imputer',
                 TransformerWrapper(exclude=None, include=[],
                                    transformer=SimpleImputer(add_indicator=False,
                                                              copy=True,
                                                              fill_value=None,
                                                              keep_empty_features=False,
                                                              missing_values=nan,
                                                              strategy='most_frequent')))],
         verbose=False)
2025-02-21 19:54:27,788:INFO:Creating final display dataframe.
2025-02-21 19:54:27,830:INFO:Setup _display_container:                     Description             Value
0                    Session id                33
1                        Target           outcome
2                   Target type            Binary
3           Original data shape        (13792, 3)
4        Transformed data shape        (13792, 3)
5   Transformed train set shape        (10344, 3)
6    Transformed test set shape         (3448, 3)
7              Numeric features                 2
8                    Preprocess              True
9               Imputation type            simple
10           Numeric imputation              mean
11       Categorical imputation              mode
12               Fold Generator   StratifiedKFold
13                  Fold Number                10
14                     CPU Jobs                -1
15                      Use GPU             False
16               Log Experiment             False
17              Experiment Name  clf-default-name
18                          USI              b40d
2025-02-21 19:54:27,883:INFO:Soft dependency imported: xgboost: 2.1.4
2025-02-21 19:54:27,885:INFO:Soft dependency imported: catboost: 1.2.7
2025-02-21 19:54:27,931:INFO:Soft dependency imported: xgboost: 2.1.4
2025-02-21 19:54:27,934:INFO:Soft dependency imported: catboost: 1.2.7
2025-02-21 19:54:27,935:INFO:setup() successfully completed in 0.58s...............
2025-02-21 19:54:27,935:INFO:Initializing compare_models()
2025-02-21 19:54:27,935:INFO:compare_models(self=<pycaret.classification.oop.ClassificationExperiment object at 0x000002C3188CE510>, include=None, exclude=None, fold=None, round=4, cross_validation=True, sort=Accuracy, n_select=3, budget_time=None, turbo=True, errors=ignore, fit_kwargs=None, groups=None, experiment_custom_tags=None, probability_threshold=None, verbose=True, parallel=None, caller_params={'self': <pycaret.classification.oop.ClassificationExperiment object at 0x000002C3188CE510>, 'include': None, 'exclude': None, 'fold': None, 'round': 4, 'cross_validation': True, 'sort': 'Accuracy', 'n_select': 3, 'budget_time': None, 'turbo': True, 'errors': 'ignore', 'fit_kwargs': None, 'groups': None, 'experiment_custom_tags': None, 'probability_threshold': None, 'engine': None, 'verbose': True, 'parallel': None, '__class__': <class 'pycaret.classification.oop.ClassificationExperiment'>})
2025-02-21 19:54:27,935:INFO:Checking exceptions
2025-02-21 19:54:27,938:INFO:Preparing display monitor
2025-02-21 19:54:27,941:INFO:Initializing Logistic Regression
2025-02-21 19:54:27,941:INFO:Total runtime is 0.0 minutes
2025-02-21 19:54:27,941:INFO:SubProcess create_model() called ==================================
2025-02-21 19:54:27,941:INFO:Initializing create_model()
2025-02-21 19:54:27,942:INFO:create_model(self=<pycaret.classification.oop.ClassificationExperiment object at 0x000002C3188CE510>, estimator=lr, fold=StratifiedKFold(n_splits=10, random_state=None, shuffle=False), round=4, cross_validation=True, predict=True, fit_kwargs={}, groups=None, refit=False, probability_threshold=None, experiment_custom_tags=None, verbose=False, system=False, add_to_model_list=True, metrics=None, display=<pycaret.internal.display.display.CommonDisplay object at 0x000002C3188D6E50>, model_only=True, return_train_score=False, error_score=0.0, kwargs={})
2025-02-21 19:54:27,942:INFO:Checking exceptions
2025-02-21 19:54:27,942:INFO:Importing libraries
2025-02-21 19:54:27,942:INFO:Copying training dataset
2025-02-21 19:54:27,944:INFO:Defining folds
2025-02-21 19:54:27,944:INFO:Declaring metric variables
2025-02-21 19:54:27,945:INFO:Importing untrained model
2025-02-21 19:54:27,945:INFO:Logistic Regression Imported successfully
2025-02-21 19:54:27,945:INFO:Starting cross validation
2025-02-21 19:54:27,945:INFO:Cross validating with StratifiedKFold(n_splits=10, random_state=None, shuffle=False), n_jobs=-1
2025-02-21 19:54:31,422:INFO:Calculating mean and std
2025-02-21 19:54:31,424:INFO:Creating metrics dataframe
2025-02-21 19:54:31,426:INFO:Uploading results into container
2025-02-21 19:54:31,426:INFO:Uploading model into container now
2025-02-21 19:54:31,426:INFO:_master_model_container: 1
2025-02-21 19:54:31,426:INFO:_display_container: 2
2025-02-21 19:54:31,427:INFO:LogisticRegression(C=1.0, class_weight=None, dual=False, fit_intercept=True,
                   intercept_scaling=1, l1_ratio=None, max_iter=1000,
                   multi_class='auto', n_jobs=None, penalty='l2',
                   random_state=33, solver='lbfgs', tol=0.0001, verbose=0,
                   warm_start=False)
2025-02-21 19:54:31,427:INFO:create_model() successfully completed......................................
2025-02-21 19:54:31,576:INFO:SubProcess create_model() end ==================================
2025-02-21 19:54:31,577:INFO:Creating metrics dataframe
2025-02-21 19:54:31,578:INFO:Initializing K Neighbors Classifier
2025-02-21 19:54:31,578:INFO:Total runtime is 0.06061981121699015 minutes
2025-02-21 19:54:31,578:INFO:SubProcess create_model() called ==================================
2025-02-21 19:54:31,578:INFO:Initializing create_model()
2025-02-21 19:54:31,578:INFO:create_model(self=<pycaret.classification.oop.ClassificationExperiment object at 0x000002C3188CE510>, estimator=knn, fold=StratifiedKFold(n_splits=10, random_state=None, shuffle=False), round=4, cross_validation=True, predict=True, fit_kwargs={}, groups=None, refit=False, probability_threshold=None, experiment_custom_tags=None, verbose=False, system=False, add_to_model_list=True, metrics=None, display=<pycaret.internal.display.display.CommonDisplay object at 0x000002C3188D6E50>, model_only=True, return_train_score=False, error_score=0.0, kwargs={})
2025-02-21 19:54:31,578:INFO:Checking exceptions
2025-02-21 19:54:31,578:INFO:Importing libraries
2025-02-21 19:54:31,578:INFO:Copying training dataset
2025-02-21 19:54:31,581:INFO:Defining folds
2025-02-21 19:54:31,581:INFO:Declaring metric variables
2025-02-21 19:54:31,581:INFO:Importing untrained model
2025-02-21 19:54:31,581:INFO:K Neighbors Classifier Imported successfully
2025-02-21 19:54:31,582:INFO:Starting cross validation
2025-02-21 19:54:31,582:INFO:Cross validating with StratifiedKFold(n_splits=10, random_state=None, shuffle=False), n_jobs=-1
2025-02-21 19:54:33,331:INFO:Calculating mean and std
2025-02-21 19:54:33,332:INFO:Creating metrics dataframe
2025-02-21 19:54:33,333:INFO:Uploading results into container
2025-02-21 19:54:33,333:INFO:Uploading model into container now
2025-02-21 19:54:33,333:INFO:_master_model_container: 2
2025-02-21 19:54:33,333:INFO:_display_container: 2
2025-02-21 19:54:33,333:INFO:KNeighborsClassifier(algorithm='auto', leaf_size=30, metric='minkowski',
                     metric_params=None, n_jobs=-1, n_neighbors=5, p=2,
                     weights='uniform')
2025-02-21 19:54:33,334:INFO:create_model() successfully completed......................................
2025-02-21 19:54:33,441:INFO:SubProcess create_model() end ==================================
2025-02-21 19:54:33,441:INFO:Creating metrics dataframe
2025-02-21 19:54:33,443:INFO:Initializing Naive Bayes
2025-02-21 19:54:33,443:INFO:Total runtime is 0.09171334107716878 minutes
2025-02-21 19:54:33,443:INFO:SubProcess create_model() called ==================================
2025-02-21 19:54:33,443:INFO:Initializing create_model()
2025-02-21 19:54:33,443:INFO:create_model(self=<pycaret.classification.oop.ClassificationExperiment object at 0x000002C3188CE510>, estimator=nb, fold=StratifiedKFold(n_splits=10, random_state=None, shuffle=False), round=4, cross_validation=True, predict=True, fit_kwargs={}, groups=None, refit=False, probability_threshold=None, experiment_custom_tags=None, verbose=False, system=False, add_to_model_list=True, metrics=None, display=<pycaret.internal.display.display.CommonDisplay object at 0x000002C3188D6E50>, model_only=True, return_train_score=False, error_score=0.0, kwargs={})
2025-02-21 19:54:33,443:INFO:Checking exceptions
2025-02-21 19:54:33,444:INFO:Importing libraries
2025-02-21 19:54:33,444:INFO:Copying training dataset
2025-02-21 19:54:33,447:INFO:Defining folds
2025-02-21 19:54:33,447:INFO:Declaring metric variables
2025-02-21 19:54:33,447:INFO:Importing untrained model
2025-02-21 19:54:33,447:INFO:Naive Bayes Imported successfully
2025-02-21 19:54:33,447:INFO:Starting cross validation
2025-02-21 19:54:33,448:INFO:Cross validating with StratifiedKFold(n_splits=10, random_state=None, shuffle=False), n_jobs=-1
2025-02-21 19:54:33,487:INFO:Calculating mean and std
2025-02-21 19:54:33,487:INFO:Creating metrics dataframe
2025-02-21 19:54:33,488:INFO:Uploading results into container
2025-02-21 19:54:33,489:INFO:Uploading model into container now
2025-02-21 19:54:33,489:INFO:_master_model_container: 3
2025-02-21 19:54:33,489:INFO:_display_container: 2
2025-02-21 19:54:33,489:INFO:GaussianNB(priors=None, var_smoothing=1e-09)
2025-02-21 19:54:33,489:INFO:create_model() successfully completed......................................
2025-02-21 19:54:33,591:INFO:SubProcess create_model() end ==================================
2025-02-21 19:54:33,591:INFO:Creating metrics dataframe
2025-02-21 19:54:33,592:INFO:Initializing Decision Tree Classifier
2025-02-21 19:54:33,592:INFO:Total runtime is 0.09419114192326863 minutes
2025-02-21 19:54:33,593:INFO:SubProcess create_model() called ==================================
2025-02-21 19:54:33,593:INFO:Initializing create_model()
2025-02-21 19:54:33,593:INFO:create_model(self=<pycaret.classification.oop.ClassificationExperiment object at 0x000002C3188CE510>, estimator=dt, fold=StratifiedKFold(n_splits=10, random_state=None, shuffle=False), round=4, cross_validation=True, predict=True, fit_kwargs={}, groups=None, refit=False, probability_threshold=None, experiment_custom_tags=None, verbose=False, system=False, add_to_model_list=True, metrics=None, display=<pycaret.internal.display.display.CommonDisplay object at 0x000002C3188D6E50>, model_only=True, return_train_score=False, error_score=0.0, kwargs={})
2025-02-21 19:54:33,593:INFO:Checking exceptions
2025-02-21 19:54:33,593:INFO:Importing libraries
2025-02-21 19:54:33,593:INFO:Copying training dataset
2025-02-21 19:54:33,596:INFO:Defining folds
2025-02-21 19:54:33,596:INFO:Declaring metric variables
2025-02-21 19:54:33,596:INFO:Importing untrained model
2025-02-21 19:54:33,596:INFO:Decision Tree Classifier Imported successfully
2025-02-21 19:54:33,596:INFO:Starting cross validation
2025-02-21 19:54:33,597:INFO:Cross validating with StratifiedKFold(n_splits=10, random_state=None, shuffle=False), n_jobs=-1
2025-02-21 19:54:33,656:INFO:Calculating mean and std
2025-02-21 19:54:33,656:INFO:Creating metrics dataframe
2025-02-21 19:54:33,657:INFO:Uploading results into container
2025-02-21 19:54:33,657:INFO:Uploading model into container now
2025-02-21 19:54:33,658:INFO:_master_model_container: 4
2025-02-21 19:54:33,658:INFO:_display_container: 2
2025-02-21 19:54:33,658:INFO:DecisionTreeClassifier(ccp_alpha=0.0, class_weight=None, criterion='gini',
                       max_depth=None, max_features=None, max_leaf_nodes=None,
                       min_impurity_decrease=0.0, min_samples_leaf=1,
                       min_samples_split=2, min_weight_fraction_leaf=0.0,
                       monotonic_cst=None, random_state=33, splitter='best')
2025-02-21 19:54:33,658:INFO:create_model() successfully completed......................................
2025-02-21 19:54:33,765:INFO:SubProcess create_model() end ==================================
2025-02-21 19:54:33,765:INFO:Creating metrics dataframe
2025-02-21 19:54:33,767:INFO:Initializing SVM - Linear Kernel
2025-02-21 19:54:33,767:INFO:Total runtime is 0.0971009890238444 minutes
2025-02-21 19:54:33,767:INFO:SubProcess create_model() called ==================================
2025-02-21 19:54:33,767:INFO:Initializing create_model()
2025-02-21 19:54:33,767:INFO:create_model(self=<pycaret.classification.oop.ClassificationExperiment object at 0x000002C3188CE510>, estimator=svm, fold=StratifiedKFold(n_splits=10, random_state=None, shuffle=False), round=4, cross_validation=True, predict=True, fit_kwargs={}, groups=None, refit=False, probability_threshold=None, experiment_custom_tags=None, verbose=False, system=False, add_to_model_list=True, metrics=None, display=<pycaret.internal.display.display.CommonDisplay object at 0x000002C3188D6E50>, model_only=True, return_train_score=False, error_score=0.0, kwargs={})
2025-02-21 19:54:33,767:INFO:Checking exceptions
2025-02-21 19:54:33,767:INFO:Importing libraries
2025-02-21 19:54:33,767:INFO:Copying training dataset
2025-02-21 19:54:33,770:INFO:Defining folds
2025-02-21 19:54:33,770:INFO:Declaring metric variables
2025-02-21 19:54:33,770:INFO:Importing untrained model
2025-02-21 19:54:33,770:INFO:SVM - Linear Kernel Imported successfully
2025-02-21 19:54:33,770:INFO:Starting cross validation
2025-02-21 19:54:33,770:INFO:Cross validating with StratifiedKFold(n_splits=10, random_state=None, shuffle=False), n_jobs=-1
2025-02-21 19:54:33,818:INFO:Calculating mean and std
2025-02-21 19:54:33,819:INFO:Creating metrics dataframe
2025-02-21 19:54:33,820:INFO:Uploading results into container
2025-02-21 19:54:33,820:INFO:Uploading model into container now
2025-02-21 19:54:33,820:INFO:_master_model_container: 5
2025-02-21 19:54:33,820:INFO:_display_container: 2
2025-02-21 19:54:33,820:INFO:SGDClassifier(alpha=0.0001, average=False, class_weight=None,
              early_stopping=False, epsilon=0.1, eta0=0.001, fit_intercept=True,
              l1_ratio=0.15, learning_rate='optimal', loss='hinge',
              max_iter=1000, n_iter_no_change=5, n_jobs=-1, penalty='l2',
              power_t=0.5, random_state=33, shuffle=True, tol=0.001,
              validation_fraction=0.1, verbose=0, warm_start=False)
2025-02-21 19:54:33,820:INFO:create_model() successfully completed......................................
2025-02-21 19:54:33,926:INFO:SubProcess create_model() end ==================================
2025-02-21 19:54:33,926:INFO:Creating metrics dataframe
2025-02-21 19:54:33,928:INFO:Initializing Ridge Classifier
2025-02-21 19:54:33,928:INFO:Total runtime is 0.09978300333023071 minutes
2025-02-21 19:54:33,928:INFO:SubProcess create_model() called ==================================
2025-02-21 19:54:33,928:INFO:Initializing create_model()
2025-02-21 19:54:33,928:INFO:create_model(self=<pycaret.classification.oop.ClassificationExperiment object at 0x000002C3188CE510>, estimator=ridge, fold=StratifiedKFold(n_splits=10, random_state=None, shuffle=False), round=4, cross_validation=True, predict=True, fit_kwargs={}, groups=None, refit=False, probability_threshold=None, experiment_custom_tags=None, verbose=False, system=False, add_to_model_list=True, metrics=None, display=<pycaret.internal.display.display.CommonDisplay object at 0x000002C3188D6E50>, model_only=True, return_train_score=False, error_score=0.0, kwargs={})
2025-02-21 19:54:33,928:INFO:Checking exceptions
2025-02-21 19:54:33,928:INFO:Importing libraries
2025-02-21 19:54:33,928:INFO:Copying training dataset
2025-02-21 19:54:33,931:INFO:Defining folds
2025-02-21 19:54:33,931:INFO:Declaring metric variables
2025-02-21 19:54:33,931:INFO:Importing untrained model
2025-02-21 19:54:33,932:INFO:Ridge Classifier Imported successfully
2025-02-21 19:54:33,932:INFO:Starting cross validation
2025-02-21 19:54:33,932:INFO:Cross validating with StratifiedKFold(n_splits=10, random_state=None, shuffle=False), n_jobs=-1
2025-02-21 19:54:33,969:INFO:Calculating mean and std
2025-02-21 19:54:33,969:INFO:Creating metrics dataframe
2025-02-21 19:54:33,970:INFO:Uploading results into container
2025-02-21 19:54:33,970:INFO:Uploading model into container now
2025-02-21 19:54:33,970:INFO:_master_model_container: 6
2025-02-21 19:54:33,970:INFO:_display_container: 2
2025-02-21 19:54:33,971:INFO:RidgeClassifier(alpha=1.0, class_weight=None, copy_X=True, fit_intercept=True,
                max_iter=None, positive=False, random_state=33, solver='auto',
                tol=0.0001)
2025-02-21 19:54:33,971:INFO:create_model() successfully completed......................................
2025-02-21 19:54:34,073:INFO:SubProcess create_model() end ==================================
2025-02-21 19:54:34,074:INFO:Creating metrics dataframe
2025-02-21 19:54:34,076:INFO:Initializing Random Forest Classifier
2025-02-21 19:54:34,077:INFO:Total runtime is 0.10227159261703492 minutes
2025-02-21 19:54:34,077:INFO:SubProcess create_model() called ==================================
2025-02-21 19:54:34,077:INFO:Initializing create_model()
2025-02-21 19:54:34,077:INFO:create_model(self=<pycaret.classification.oop.ClassificationExperiment object at 0x000002C3188CE510>, estimator=rf, fold=StratifiedKFold(n_splits=10, random_state=None, shuffle=False), round=4, cross_validation=True, predict=True, fit_kwargs={}, groups=None, refit=False, probability_threshold=None, experiment_custom_tags=None, verbose=False, system=False, add_to_model_list=True, metrics=None, display=<pycaret.internal.display.display.CommonDisplay object at 0x000002C3188D6E50>, model_only=True, return_train_score=False, error_score=0.0, kwargs={})
2025-02-21 19:54:34,077:INFO:Checking exceptions
2025-02-21 19:54:34,077:INFO:Importing libraries
2025-02-21 19:54:34,077:INFO:Copying training dataset
2025-02-21 19:54:34,080:INFO:Defining folds
2025-02-21 19:54:34,080:INFO:Declaring metric variables
2025-02-21 19:54:34,080:INFO:Importing untrained model
2025-02-21 19:54:34,080:INFO:Random Forest Classifier Imported successfully
2025-02-21 19:54:34,081:INFO:Starting cross validation
2025-02-21 19:54:34,081:INFO:Cross validating with StratifiedKFold(n_splits=10, random_state=None, shuffle=False), n_jobs=-1
2025-02-21 19:54:35,056:INFO:Calculating mean and std
2025-02-21 19:54:35,056:INFO:Creating metrics dataframe
2025-02-21 19:54:35,057:INFO:Uploading results into container
2025-02-21 19:54:35,058:INFO:Uploading model into container now
2025-02-21 19:54:35,058:INFO:_master_model_container: 7
2025-02-21 19:54:35,058:INFO:_display_container: 2
2025-02-21 19:54:35,058:INFO:RandomForestClassifier(bootstrap=True, ccp_alpha=0.0, class_weight=None,
                       criterion='gini', max_depth=None, max_features='sqrt',
                       max_leaf_nodes=None, max_samples=None,
                       min_impurity_decrease=0.0, min_samples_leaf=1,
                       min_samples_split=2, min_weight_fraction_leaf=0.0,
                       monotonic_cst=None, n_estimators=100, n_jobs=-1,
                       oob_score=False, random_state=33, verbose=0,
                       warm_start=False)
2025-02-21 19:54:35,058:INFO:create_model() successfully completed......................................
2025-02-21 19:54:35,164:INFO:SubProcess create_model() end ==================================
2025-02-21 19:54:35,165:INFO:Creating metrics dataframe
2025-02-21 19:54:35,166:INFO:Initializing Quadratic Discriminant Analysis
2025-02-21 19:54:35,166:INFO:Total runtime is 0.12042724291483561 minutes
2025-02-21 19:54:35,166:INFO:SubProcess create_model() called ==================================
2025-02-21 19:54:35,166:INFO:Initializing create_model()
2025-02-21 19:54:35,167:INFO:create_model(self=<pycaret.classification.oop.ClassificationExperiment object at 0x000002C3188CE510>, estimator=qda, fold=StratifiedKFold(n_splits=10, random_state=None, shuffle=False), round=4, cross_validation=True, predict=True, fit_kwargs={}, groups=None, refit=False, probability_threshold=None, experiment_custom_tags=None, verbose=False, system=False, add_to_model_list=True, metrics=None, display=<pycaret.internal.display.display.CommonDisplay object at 0x000002C3188D6E50>, model_only=True, return_train_score=False, error_score=0.0, kwargs={})
2025-02-21 19:54:35,167:INFO:Checking exceptions
2025-02-21 19:54:35,167:INFO:Importing libraries
2025-02-21 19:54:35,167:INFO:Copying training dataset
2025-02-21 19:54:35,169:INFO:Defining folds
2025-02-21 19:54:35,169:INFO:Declaring metric variables
2025-02-21 19:54:35,169:INFO:Importing untrained model
2025-02-21 19:54:35,169:INFO:Quadratic Discriminant Analysis Imported successfully
2025-02-21 19:54:35,170:INFO:Starting cross validation
2025-02-21 19:54:35,170:INFO:Cross validating with StratifiedKFold(n_splits=10, random_state=None, shuffle=False), n_jobs=-1
2025-02-21 19:54:35,208:INFO:Calculating mean and std
2025-02-21 19:54:35,208:INFO:Creating metrics dataframe
2025-02-21 19:54:35,209:INFO:Uploading results into container
2025-02-21 19:54:35,209:INFO:Uploading model into container now
2025-02-21 19:54:35,210:INFO:_master_model_container: 8
2025-02-21 19:54:35,210:INFO:_display_container: 2
2025-02-21 19:54:35,210:INFO:QuadraticDiscriminantAnalysis(priors=None, reg_param=0.0,
                              store_covariance=False, tol=0.0001)
2025-02-21 19:54:35,210:INFO:create_model() successfully completed......................................
2025-02-21 19:54:35,316:INFO:SubProcess create_model() end ==================================
2025-02-21 19:54:35,316:INFO:Creating metrics dataframe
2025-02-21 19:54:35,318:INFO:Initializing Ada Boost Classifier
2025-02-21 19:54:35,318:INFO:Total runtime is 0.12296348412831624 minutes
2025-02-21 19:54:35,318:INFO:SubProcess create_model() called ==================================
2025-02-21 19:54:35,318:INFO:Initializing create_model()
2025-02-21 19:54:35,318:INFO:create_model(self=<pycaret.classification.oop.ClassificationExperiment object at 0x000002C3188CE510>, estimator=ada, fold=StratifiedKFold(n_splits=10, random_state=None, shuffle=False), round=4, cross_validation=True, predict=True, fit_kwargs={}, groups=None, refit=False, probability_threshold=None, experiment_custom_tags=None, verbose=False, system=False, add_to_model_list=True, metrics=None, display=<pycaret.internal.display.display.CommonDisplay object at 0x000002C3188D6E50>, model_only=True, return_train_score=False, error_score=0.0, kwargs={})
2025-02-21 19:54:35,318:INFO:Checking exceptions
2025-02-21 19:54:35,318:INFO:Importing libraries
2025-02-21 19:54:35,318:INFO:Copying training dataset
2025-02-21 19:54:35,321:INFO:Defining folds
2025-02-21 19:54:35,321:INFO:Declaring metric variables
2025-02-21 19:54:35,321:INFO:Importing untrained model
2025-02-21 19:54:35,322:INFO:Ada Boost Classifier Imported successfully
2025-02-21 19:54:35,322:INFO:Starting cross validation
2025-02-21 19:54:35,322:INFO:Cross validating with StratifiedKFold(n_splits=10, random_state=None, shuffle=False), n_jobs=-1
2025-02-21 19:54:35,337:WARNING:C:\Users\diver\anaconda3\envs\namedesprojekts\Lib\site-packages\sklearn\ensemble\_weight_boosting.py:519: FutureWarning: The SAMME.R algorithm (the default) is deprecated and will be removed in 1.6. Use the SAMME algorithm to circumvent this warning.
  warnings.warn(

2025-02-21 19:54:35,337:WARNING:C:\Users\diver\anaconda3\envs\namedesprojekts\Lib\site-packages\sklearn\ensemble\_weight_boosting.py:519: FutureWarning: The SAMME.R algorithm (the default) is deprecated and will be removed in 1.6. Use the SAMME algorithm to circumvent this warning.
  warnings.warn(

2025-02-21 19:54:35,339:WARNING:C:\Users\diver\anaconda3\envs\namedesprojekts\Lib\site-packages\sklearn\ensemble\_weight_boosting.py:519: FutureWarning: The SAMME.R algorithm (the default) is deprecated and will be removed in 1.6. Use the SAMME algorithm to circumvent this warning.
  warnings.warn(

2025-02-21 19:54:35,341:WARNING:C:\Users\diver\anaconda3\envs\namedesprojekts\Lib\site-packages\sklearn\ensemble\_weight_boosting.py:519: FutureWarning: The SAMME.R algorithm (the default) is deprecated and will be removed in 1.6. Use the SAMME algorithm to circumvent this warning.
  warnings.warn(

2025-02-21 19:54:35,341:WARNING:C:\Users\diver\anaconda3\envs\namedesprojekts\Lib\site-packages\sklearn\ensemble\_weight_boosting.py:519: FutureWarning: The SAMME.R algorithm (the default) is deprecated and will be removed in 1.6. Use the SAMME algorithm to circumvent this warning.
  warnings.warn(

2025-02-21 19:54:35,343:WARNING:C:\Users\diver\anaconda3\envs\namedesprojekts\Lib\site-packages\sklearn\ensemble\_weight_boosting.py:519: FutureWarning: The SAMME.R algorithm (the default) is deprecated and will be removed in 1.6. Use the SAMME algorithm to circumvent this warning.
  warnings.warn(

2025-02-21 19:54:35,343:WARNING:C:\Users\diver\anaconda3\envs\namedesprojekts\Lib\site-packages\sklearn\ensemble\_weight_boosting.py:519: FutureWarning: The SAMME.R algorithm (the default) is deprecated and will be removed in 1.6. Use the SAMME algorithm to circumvent this warning.
  warnings.warn(

2025-02-21 19:54:35,343:WARNING:C:\Users\diver\anaconda3\envs\namedesprojekts\Lib\site-packages\sklearn\ensemble\_weight_boosting.py:519: FutureWarning: The SAMME.R algorithm (the default) is deprecated and will be removed in 1.6. Use the SAMME algorithm to circumvent this warning.
  warnings.warn(

2025-02-21 19:54:35,344:WARNING:C:\Users\diver\anaconda3\envs\namedesprojekts\Lib\site-packages\sklearn\ensemble\_weight_boosting.py:519: FutureWarning: The SAMME.R algorithm (the default) is deprecated and will be removed in 1.6. Use the SAMME algorithm to circumvent this warning.
  warnings.warn(

2025-02-21 19:54:35,345:WARNING:C:\Users\diver\anaconda3\envs\namedesprojekts\Lib\site-packages\sklearn\ensemble\_weight_boosting.py:519: FutureWarning: The SAMME.R algorithm (the default) is deprecated and will be removed in 1.6. Use the SAMME algorithm to circumvent this warning.
  warnings.warn(

2025-02-21 19:54:35,623:INFO:Calculating mean and std
2025-02-21 19:54:35,623:INFO:Creating metrics dataframe
2025-02-21 19:54:35,625:INFO:Uploading results into container
2025-02-21 19:54:35,625:INFO:Uploading model into container now
2025-02-21 19:54:35,626:INFO:_master_model_container: 9
2025-02-21 19:54:35,626:INFO:_display_container: 2
2025-02-21 19:54:35,626:INFO:AdaBoostClassifier(algorithm='SAMME.R', estimator=None, learning_rate=1.0,
                   n_estimators=50, random_state=33)
2025-02-21 19:54:35,626:INFO:create_model() successfully completed......................................
2025-02-21 19:54:35,730:INFO:SubProcess create_model() end ==================================
2025-02-21 19:54:35,730:INFO:Creating metrics dataframe
2025-02-21 19:54:35,732:INFO:Initializing Gradient Boosting Classifier
2025-02-21 19:54:35,732:INFO:Total runtime is 0.1298590381940206 minutes
2025-02-21 19:54:35,732:INFO:SubProcess create_model() called ==================================
2025-02-21 19:54:35,732:INFO:Initializing create_model()
2025-02-21 19:54:35,732:INFO:create_model(self=<pycaret.classification.oop.ClassificationExperiment object at 0x000002C3188CE510>, estimator=gbc, fold=StratifiedKFold(n_splits=10, random_state=None, shuffle=False), round=4, cross_validation=True, predict=True, fit_kwargs={}, groups=None, refit=False, probability_threshold=None, experiment_custom_tags=None, verbose=False, system=False, add_to_model_list=True, metrics=None, display=<pycaret.internal.display.display.CommonDisplay object at 0x000002C3188D6E50>, model_only=True, return_train_score=False, error_score=0.0, kwargs={})
2025-02-21 19:54:35,732:INFO:Checking exceptions
2025-02-21 19:54:35,732:INFO:Importing libraries
2025-02-21 19:54:35,732:INFO:Copying training dataset
2025-02-21 19:54:35,736:INFO:Defining folds
2025-02-21 19:54:35,736:INFO:Declaring metric variables
2025-02-21 19:54:35,736:INFO:Importing untrained model
2025-02-21 19:54:35,736:INFO:Gradient Boosting Classifier Imported successfully
2025-02-21 19:54:35,736:INFO:Starting cross validation
2025-02-21 19:54:35,737:INFO:Cross validating with StratifiedKFold(n_splits=10, random_state=None, shuffle=False), n_jobs=-1
2025-02-21 19:54:36,484:INFO:Calculating mean and std
2025-02-21 19:54:36,484:INFO:Creating metrics dataframe
2025-02-21 19:54:36,485:INFO:Uploading results into container
2025-02-21 19:54:36,486:INFO:Uploading model into container now
2025-02-21 19:54:36,486:INFO:_master_model_container: 10
2025-02-21 19:54:36,486:INFO:_display_container: 2
2025-02-21 19:54:36,486:INFO:GradientBoostingClassifier(ccp_alpha=0.0, criterion='friedman_mse', init=None,
                           learning_rate=0.1, loss='log_loss', max_depth=3,
                           max_features=None, max_leaf_nodes=None,
                           min_impurity_decrease=0.0, min_samples_leaf=1,
                           min_samples_split=2, min_weight_fraction_leaf=0.0,
                           n_estimators=100, n_iter_no_change=None,
                           random_state=33, subsample=1.0, tol=0.0001,
                           validation_fraction=0.1, verbose=0,
                           warm_start=False)
2025-02-21 19:54:36,486:INFO:create_model() successfully completed......................................
2025-02-21 19:54:36,589:INFO:SubProcess create_model() end ==================================
2025-02-21 19:54:36,589:INFO:Creating metrics dataframe
2025-02-21 19:54:36,590:INFO:Initializing Linear Discriminant Analysis
2025-02-21 19:54:36,591:INFO:Total runtime is 0.14415282408396402 minutes
2025-02-21 19:54:36,591:INFO:SubProcess create_model() called ==================================
2025-02-21 19:54:36,591:INFO:Initializing create_model()
2025-02-21 19:54:36,591:INFO:create_model(self=<pycaret.classification.oop.ClassificationExperiment object at 0x000002C3188CE510>, estimator=lda, fold=StratifiedKFold(n_splits=10, random_state=None, shuffle=False), round=4, cross_validation=True, predict=True, fit_kwargs={}, groups=None, refit=False, probability_threshold=None, experiment_custom_tags=None, verbose=False, system=False, add_to_model_list=True, metrics=None, display=<pycaret.internal.display.display.CommonDisplay object at 0x000002C3188D6E50>, model_only=True, return_train_score=False, error_score=0.0, kwargs={})
2025-02-21 19:54:36,591:INFO:Checking exceptions
2025-02-21 19:54:36,591:INFO:Importing libraries
2025-02-21 19:54:36,591:INFO:Copying training dataset
2025-02-21 19:54:36,593:INFO:Defining folds
2025-02-21 19:54:36,593:INFO:Declaring metric variables
2025-02-21 19:54:36,594:INFO:Importing untrained model
2025-02-21 19:54:36,594:INFO:Linear Discriminant Analysis Imported successfully
2025-02-21 19:54:36,594:INFO:Starting cross validation
2025-02-21 19:54:36,595:INFO:Cross validating with StratifiedKFold(n_splits=10, random_state=None, shuffle=False), n_jobs=-1
2025-02-21 19:54:36,634:INFO:Calculating mean and std
2025-02-21 19:54:36,634:INFO:Creating metrics dataframe
2025-02-21 19:54:36,636:INFO:Uploading results into container
2025-02-21 19:54:36,636:INFO:Uploading model into container now
2025-02-21 19:54:36,637:INFO:_master_model_container: 11
2025-02-21 19:54:36,637:INFO:_display_container: 2
2025-02-21 19:54:36,637:INFO:LinearDiscriminantAnalysis(covariance_estimator=None, n_components=None,
                           priors=None, shrinkage=None, solver='svd',
                           store_covariance=False, tol=0.0001)
2025-02-21 19:54:36,637:INFO:create_model() successfully completed......................................
2025-02-21 19:54:36,740:INFO:SubProcess create_model() end ==================================
2025-02-21 19:54:36,740:INFO:Creating metrics dataframe
2025-02-21 19:54:36,742:INFO:Initializing Extra Trees Classifier
2025-02-21 19:54:36,742:INFO:Total runtime is 0.1466897924741109 minutes
2025-02-21 19:54:36,742:INFO:SubProcess create_model() called ==================================
2025-02-21 19:54:36,742:INFO:Initializing create_model()
2025-02-21 19:54:36,742:INFO:create_model(self=<pycaret.classification.oop.ClassificationExperiment object at 0x000002C3188CE510>, estimator=et, fold=StratifiedKFold(n_splits=10, random_state=None, shuffle=False), round=4, cross_validation=True, predict=True, fit_kwargs={}, groups=None, refit=False, probability_threshold=None, experiment_custom_tags=None, verbose=False, system=False, add_to_model_list=True, metrics=None, display=<pycaret.internal.display.display.CommonDisplay object at 0x000002C3188D6E50>, model_only=True, return_train_score=False, error_score=0.0, kwargs={})
2025-02-21 19:54:36,743:INFO:Checking exceptions
2025-02-21 19:54:36,743:INFO:Importing libraries
2025-02-21 19:54:36,743:INFO:Copying training dataset
2025-02-21 19:54:36,745:INFO:Defining folds
2025-02-21 19:54:36,745:INFO:Declaring metric variables
2025-02-21 19:54:36,745:INFO:Importing untrained model
2025-02-21 19:54:36,746:INFO:Extra Trees Classifier Imported successfully
2025-02-21 19:54:36,746:INFO:Starting cross validation
2025-02-21 19:54:36,746:INFO:Cross validating with StratifiedKFold(n_splits=10, random_state=None, shuffle=False), n_jobs=-1
2025-02-21 19:54:37,213:INFO:Calculating mean and std
2025-02-21 19:54:37,213:INFO:Creating metrics dataframe
2025-02-21 19:54:37,214:INFO:Uploading results into container
2025-02-21 19:54:37,215:INFO:Uploading model into container now
2025-02-21 19:54:37,215:INFO:_master_model_container: 12
2025-02-21 19:54:37,215:INFO:_display_container: 2
2025-02-21 19:54:37,215:INFO:ExtraTreesClassifier(bootstrap=False, ccp_alpha=0.0, class_weight=None,
                     criterion='gini', max_depth=None, max_features='sqrt',
                     max_leaf_nodes=None, max_samples=None,
                     min_impurity_decrease=0.0, min_samples_leaf=1,
                     min_samples_split=2, min_weight_fraction_leaf=0.0,
                     monotonic_cst=None, n_estimators=100, n_jobs=-1,
                     oob_score=False, random_state=33, verbose=0,
                     warm_start=False)
2025-02-21 19:54:37,215:INFO:create_model() successfully completed......................................
2025-02-21 19:54:37,321:INFO:SubProcess create_model() end ==================================
2025-02-21 19:54:37,321:INFO:Creating metrics dataframe
2025-02-21 19:54:37,323:INFO:Initializing Extreme Gradient Boosting
2025-02-21 19:54:37,323:INFO:Total runtime is 0.15636991262435912 minutes
2025-02-21 19:54:37,323:INFO:SubProcess create_model() called ==================================
2025-02-21 19:54:37,323:INFO:Initializing create_model()
2025-02-21 19:54:37,323:INFO:create_model(self=<pycaret.classification.oop.ClassificationExperiment object at 0x000002C3188CE510>, estimator=xgboost, fold=StratifiedKFold(n_splits=10, random_state=None, shuffle=False), round=4, cross_validation=True, predict=True, fit_kwargs={}, groups=None, refit=False, probability_threshold=None, experiment_custom_tags=None, verbose=False, system=False, add_to_model_list=True, metrics=None, display=<pycaret.internal.display.display.CommonDisplay object at 0x000002C3188D6E50>, model_only=True, return_train_score=False, error_score=0.0, kwargs={})
2025-02-21 19:54:37,323:INFO:Checking exceptions
2025-02-21 19:54:37,323:INFO:Importing libraries
2025-02-21 19:54:37,323:INFO:Copying training dataset
2025-02-21 19:54:37,325:INFO:Defining folds
2025-02-21 19:54:37,326:INFO:Declaring metric variables
2025-02-21 19:54:37,326:INFO:Importing untrained model
2025-02-21 19:54:37,326:INFO:Extreme Gradient Boosting Imported successfully
2025-02-21 19:54:37,326:INFO:Starting cross validation
2025-02-21 19:54:37,327:INFO:Cross validating with StratifiedKFold(n_splits=10, random_state=None, shuffle=False), n_jobs=-1
2025-02-21 19:54:37,478:INFO:Calculating mean and std
2025-02-21 19:54:37,479:INFO:Creating metrics dataframe
2025-02-21 19:54:37,480:INFO:Uploading results into container
2025-02-21 19:54:37,480:INFO:Uploading model into container now
2025-02-21 19:54:37,480:INFO:_master_model_container: 13
2025-02-21 19:54:37,480:INFO:_display_container: 2
2025-02-21 19:54:37,481:INFO:XGBClassifier(base_score=None, booster='gbtree', callbacks=None,
              colsample_bylevel=None, colsample_bynode=None,
              colsample_bytree=None, device='cpu', early_stopping_rounds=None,
              enable_categorical=False, eval_metric=None, feature_types=None,
              gamma=None, grow_policy=None, importance_type=None,
              interaction_constraints=None, learning_rate=None, max_bin=None,
              max_cat_threshold=None, max_cat_to_onehot=None,
              max_delta_step=None, max_depth=None, max_leaves=None,
              min_child_weight=None, missing=nan, monotone_constraints=None,
              multi_strategy=None, n_estimators=None, n_jobs=-1,
              num_parallel_tree=None, objective='binary:logistic', ...)
2025-02-21 19:54:37,481:INFO:create_model() successfully completed......................................
2025-02-21 19:54:37,588:INFO:SubProcess create_model() end ==================================
2025-02-21 19:54:37,588:INFO:Creating metrics dataframe
2025-02-21 19:54:37,590:INFO:Initializing Light Gradient Boosting Machine
2025-02-21 19:54:37,590:INFO:Total runtime is 0.1608246366182963 minutes
2025-02-21 19:54:37,590:INFO:SubProcess create_model() called ==================================
2025-02-21 19:54:37,591:INFO:Initializing create_model()
2025-02-21 19:54:37,591:INFO:create_model(self=<pycaret.classification.oop.ClassificationExperiment object at 0x000002C3188CE510>, estimator=lightgbm, fold=StratifiedKFold(n_splits=10, random_state=None, shuffle=False), round=4, cross_validation=True, predict=True, fit_kwargs={}, groups=None, refit=False, probability_threshold=None, experiment_custom_tags=None, verbose=False, system=False, add_to_model_list=True, metrics=None, display=<pycaret.internal.display.display.CommonDisplay object at 0x000002C3188D6E50>, model_only=True, return_train_score=False, error_score=0.0, kwargs={})
2025-02-21 19:54:37,591:INFO:Checking exceptions
2025-02-21 19:54:37,591:INFO:Importing libraries
2025-02-21 19:54:37,591:INFO:Copying training dataset
2025-02-21 19:54:37,595:INFO:Defining folds
2025-02-21 19:54:37,595:INFO:Declaring metric variables
2025-02-21 19:54:37,595:INFO:Importing untrained model
2025-02-21 19:54:37,595:INFO:Light Gradient Boosting Machine Imported successfully
2025-02-21 19:54:37,595:INFO:Starting cross validation
2025-02-21 19:54:37,596:INFO:Cross validating with StratifiedKFold(n_splits=10, random_state=None, shuffle=False), n_jobs=-1
2025-02-21 19:54:38,088:INFO:Calculating mean and std
2025-02-21 19:54:38,088:INFO:Creating metrics dataframe
2025-02-21 19:54:38,090:INFO:Uploading results into container
2025-02-21 19:54:38,090:INFO:Uploading model into container now
2025-02-21 19:54:38,090:INFO:_master_model_container: 14
2025-02-21 19:54:38,090:INFO:_display_container: 2
2025-02-21 19:54:38,091:INFO:LGBMClassifier(boosting_type='gbdt', class_weight=None, colsample_bytree=1.0,
               importance_type='split', learning_rate=0.1, max_depth=-1,
               min_child_samples=20, min_child_weight=0.001, min_split_gain=0.0,
               n_estimators=100, n_jobs=-1, num_leaves=31, objective=None,
               random_state=33, reg_alpha=0.0, reg_lambda=0.0, subsample=1.0,
               subsample_for_bin=200000, subsample_freq=0)
2025-02-21 19:54:38,091:INFO:create_model() successfully completed......................................
2025-02-21 19:54:38,207:INFO:SubProcess create_model() end ==================================
2025-02-21 19:54:38,208:INFO:Creating metrics dataframe
2025-02-21 19:54:38,209:INFO:Initializing CatBoost Classifier
2025-02-21 19:54:38,210:INFO:Total runtime is 0.17116187810897826 minutes
2025-02-21 19:54:38,210:INFO:SubProcess create_model() called ==================================
2025-02-21 19:54:38,210:INFO:Initializing create_model()
2025-02-21 19:54:38,210:INFO:create_model(self=<pycaret.classification.oop.ClassificationExperiment object at 0x000002C3188CE510>, estimator=catboost, fold=StratifiedKFold(n_splits=10, random_state=None, shuffle=False), round=4, cross_validation=True, predict=True, fit_kwargs={}, groups=None, refit=False, probability_threshold=None, experiment_custom_tags=None, verbose=False, system=False, add_to_model_list=True, metrics=None, display=<pycaret.internal.display.display.CommonDisplay object at 0x000002C3188D6E50>, model_only=True, return_train_score=False, error_score=0.0, kwargs={})
2025-02-21 19:54:38,210:INFO:Checking exceptions
2025-02-21 19:54:38,210:INFO:Importing libraries
2025-02-21 19:54:38,210:INFO:Copying training dataset
2025-02-21 19:54:38,213:INFO:Defining folds
2025-02-21 19:54:38,213:INFO:Declaring metric variables
2025-02-21 19:54:38,213:INFO:Importing untrained model
2025-02-21 19:54:38,213:INFO:CatBoost Classifier Imported successfully
2025-02-21 19:54:38,214:INFO:Starting cross validation
2025-02-21 19:54:38,214:INFO:Cross validating with StratifiedKFold(n_splits=10, random_state=None, shuffle=False), n_jobs=-1
2025-02-21 19:54:41,193:WARNING:C:\Users\diver\anaconda3\envs\namedesprojekts\Lib\site-packages\sklearn\model_selection\_validation.py:547: FitFailedWarning: 
9 fits failed out of a total of 10.
The score on these train-test partitions for these parameters will be set to 0.0.
If these failures are not expected, you can try to debug them by setting error_score='raise'.

Below are more details about the failures:
--------------------------------------------------------------------------------
9 fits failed with the following error:
Traceback (most recent call last):
  File "C:\Users\diver\anaconda3\envs\namedesprojekts\Lib\site-packages\sklearn\model_selection\_validation.py", line 895, in _fit_and_score
    estimator.fit(X_train, y_train, **fit_params)
  File "C:\Users\diver\anaconda3\envs\namedesprojekts\Lib\site-packages\pycaret\internal\pipeline.py", line 278, in fit
    fitted_estimator = self._memory_fit(
                       ^^^^^^^^^^^^^^^^^
  File "C:\Users\diver\anaconda3\envs\namedesprojekts\Lib\site-packages\joblib\memory.py", line 353, in __call__
    return self.func(*args, **kwargs)
           ^^^^^^^^^^^^^^^^^^^^^^^^^^
  File "C:\Users\diver\anaconda3\envs\namedesprojekts\Lib\site-packages\pycaret\internal\pipeline.py", line 69, in _fit_one
    transformer.fit(*args)
  File "C:\Users\diver\anaconda3\envs\namedesprojekts\Lib\site-packages\catboost\core.py", line 5245, in fit
    self._fit(X, y, cat_features, text_features, embedding_features, None, graph, sample_weight, None, None, None, None, baseline, use_best_model,
  File "C:\Users\diver\anaconda3\envs\namedesprojekts\Lib\site-packages\catboost\core.py", line 2410, in _fit
    self._train(
  File "C:\Users\diver\anaconda3\envs\namedesprojekts\Lib\site-packages\catboost\core.py", line 1790, in _train
    self._object._train(train_pool, test_pool, params, allow_clear_pool, init_model._object if init_model else None)
  File "_catboost.pyx", line 5017, in _catboost._CatBoost._train
  File "_catboost.pyx", line 5066, in _catboost._CatBoost._train
_catboost.CatBoostError: catboost/libs/train_lib/dir_helper.cpp:20: Can't create train working dir: catboost_info

  warnings.warn(some_fits_failed_message, FitFailedWarning)

2025-02-21 19:54:41,194:INFO:Calculating mean and std
2025-02-21 19:54:41,194:INFO:Creating metrics dataframe
2025-02-21 19:54:41,195:INFO:Uploading results into container
2025-02-21 19:54:41,196:INFO:Uploading model into container now
2025-02-21 19:54:41,196:INFO:_master_model_container: 15
2025-02-21 19:54:41,196:INFO:_display_container: 2
2025-02-21 19:54:41,196:INFO:<catboost.core.CatBoostClassifier object at 0x000002C3688B4890>
2025-02-21 19:54:41,196:INFO:create_model() successfully completed......................................
2025-02-21 19:54:41,300:WARNING:create_model() for <catboost.core.CatBoostClassifier object at 0x000002C3688B4890> raised an exception or returned all 0.0, trying without fit_kwargs:
2025-02-21 19:54:41,302:WARNING:Traceback (most recent call last):
  File "C:\Users\diver\anaconda3\envs\namedesprojekts\Lib\site-packages\pycaret\internal\pycaret_experiment\supervised_experiment.py", line 797, in compare_models
    np.sum(
AssertionError

2025-02-21 19:54:41,302:INFO:Initializing create_model()
2025-02-21 19:54:41,302:INFO:create_model(self=<pycaret.classification.oop.ClassificationExperiment object at 0x000002C3188CE510>, estimator=catboost, fold=StratifiedKFold(n_splits=10, random_state=None, shuffle=False), round=4, cross_validation=True, predict=True, fit_kwargs={}, groups=None, refit=False, probability_threshold=None, experiment_custom_tags=None, verbose=False, system=False, add_to_model_list=True, metrics=None, display=<pycaret.internal.display.display.CommonDisplay object at 0x000002C3188D6E50>, model_only=True, return_train_score=False, error_score=0.0, kwargs={})
2025-02-21 19:54:41,302:INFO:Checking exceptions
2025-02-21 19:54:41,302:INFO:Importing libraries
2025-02-21 19:54:41,302:INFO:Copying training dataset
2025-02-21 19:54:41,305:INFO:Defining folds
2025-02-21 19:54:41,305:INFO:Declaring metric variables
2025-02-21 19:54:41,305:INFO:Importing untrained model
2025-02-21 19:54:41,305:INFO:CatBoost Classifier Imported successfully
2025-02-21 19:54:41,306:INFO:Starting cross validation
2025-02-21 19:54:41,306:INFO:Cross validating with StratifiedKFold(n_splits=10, random_state=None, shuffle=False), n_jobs=-1
2025-02-21 19:54:47,763:INFO:Calculating mean and std
2025-02-21 19:54:47,763:INFO:Creating metrics dataframe
2025-02-21 19:54:47,765:INFO:Uploading results into container
2025-02-21 19:54:47,765:INFO:Uploading model into container now
2025-02-21 19:54:47,765:INFO:_master_model_container: 16
2025-02-21 19:54:47,765:INFO:_display_container: 2
2025-02-21 19:54:47,765:INFO:<catboost.core.CatBoostClassifier object at 0x000002C36886E990>
2025-02-21 19:54:47,765:INFO:create_model() successfully completed......................................
2025-02-21 19:54:47,868:INFO:SubProcess create_model() end ==================================
2025-02-21 19:54:47,868:INFO:Creating metrics dataframe
2025-02-21 19:54:47,870:INFO:Initializing Dummy Classifier
2025-02-21 19:54:47,870:INFO:Total runtime is 0.33214889367421463 minutes
2025-02-21 19:54:47,870:INFO:SubProcess create_model() called ==================================
2025-02-21 19:54:47,871:INFO:Initializing create_model()
2025-02-21 19:54:47,871:INFO:create_model(self=<pycaret.classification.oop.ClassificationExperiment object at 0x000002C3188CE510>, estimator=dummy, fold=StratifiedKFold(n_splits=10, random_state=None, shuffle=False), round=4, cross_validation=True, predict=True, fit_kwargs={}, groups=None, refit=False, probability_threshold=None, experiment_custom_tags=None, verbose=False, system=False, add_to_model_list=True, metrics=None, display=<pycaret.internal.display.display.CommonDisplay object at 0x000002C3188D6E50>, model_only=True, return_train_score=False, error_score=0.0, kwargs={})
2025-02-21 19:54:47,871:INFO:Checking exceptions
2025-02-21 19:54:47,871:INFO:Importing libraries
2025-02-21 19:54:47,871:INFO:Copying training dataset
2025-02-21 19:54:47,872:INFO:Defining folds
2025-02-21 19:54:47,872:INFO:Declaring metric variables
2025-02-21 19:54:47,872:INFO:Importing untrained model
2025-02-21 19:54:47,872:INFO:Dummy Classifier Imported successfully
2025-02-21 19:54:47,873:INFO:Starting cross validation
2025-02-21 19:54:47,873:INFO:Cross validating with StratifiedKFold(n_splits=10, random_state=None, shuffle=False), n_jobs=-1
2025-02-21 19:54:47,909:INFO:Calculating mean and std
2025-02-21 19:54:47,909:INFO:Creating metrics dataframe
2025-02-21 19:54:47,910:INFO:Uploading results into container
2025-02-21 19:54:47,910:INFO:Uploading model into container now
2025-02-21 19:54:47,911:INFO:_master_model_container: 17
2025-02-21 19:54:47,911:INFO:_display_container: 2
2025-02-21 19:54:47,911:INFO:DummyClassifier(constant=None, random_state=33, strategy='prior')
2025-02-21 19:54:47,911:INFO:create_model() successfully completed......................................
2025-02-21 19:54:48,013:INFO:SubProcess create_model() end ==================================
2025-02-21 19:54:48,013:INFO:Creating metrics dataframe
2025-02-21 19:54:48,016:WARNING:C:\Users\diver\anaconda3\envs\namedesprojekts\Lib\site-packages\pycaret\internal\pycaret_experiment\supervised_experiment.py:339: FutureWarning: Styler.applymap has been deprecated. Use Styler.map instead.
  .applymap(highlight_cols, subset=["TT (Sec)"])

2025-02-21 19:54:48,017:INFO:Initializing create_model()
2025-02-21 19:54:48,017:INFO:create_model(self=<pycaret.classification.oop.ClassificationExperiment object at 0x000002C3188CE510>, estimator=ExtraTreesClassifier(bootstrap=False, ccp_alpha=0.0, class_weight=None,
                     criterion='gini', max_depth=None, max_features='sqrt',
                     max_leaf_nodes=None, max_samples=None,
                     min_impurity_decrease=0.0, min_samples_leaf=1,
                     min_samples_split=2, min_weight_fraction_leaf=0.0,
                     monotonic_cst=None, n_estimators=100, n_jobs=-1,
                     oob_score=False, random_state=33, verbose=0,
                     warm_start=False), fold=StratifiedKFold(n_splits=10, random_state=None, shuffle=False), round=4, cross_validation=False, predict=False, fit_kwargs={}, groups=None, refit=True, probability_threshold=None, experiment_custom_tags=None, verbose=False, system=False, add_to_model_list=True, metrics=None, display=None, model_only=True, return_train_score=False, error_score=0.0, kwargs={})
2025-02-21 19:54:48,017:INFO:Checking exceptions
2025-02-21 19:54:48,018:INFO:Importing libraries
2025-02-21 19:54:48,018:INFO:Copying training dataset
2025-02-21 19:54:48,021:INFO:Defining folds
2025-02-21 19:54:48,021:INFO:Declaring metric variables
2025-02-21 19:54:48,021:INFO:Importing untrained model
2025-02-21 19:54:48,021:INFO:Declaring custom model
2025-02-21 19:54:48,022:INFO:Extra Trees Classifier Imported successfully
2025-02-21 19:54:48,022:INFO:Cross validation set to False
2025-02-21 19:54:48,022:INFO:Fitting Model
2025-02-21 19:54:48,125:INFO:ExtraTreesClassifier(bootstrap=False, ccp_alpha=0.0, class_weight=None,
                     criterion='gini', max_depth=None, max_features='sqrt',
                     max_leaf_nodes=None, max_samples=None,
                     min_impurity_decrease=0.0, min_samples_leaf=1,
                     min_samples_split=2, min_weight_fraction_leaf=0.0,
                     monotonic_cst=None, n_estimators=100, n_jobs=-1,
                     oob_score=False, random_state=33, verbose=0,
                     warm_start=False)
2025-02-21 19:54:48,125:INFO:create_model() successfully completed......................................
2025-02-21 19:54:48,228:INFO:Initializing create_model()
2025-02-21 19:54:48,228:INFO:create_model(self=<pycaret.classification.oop.ClassificationExperiment object at 0x000002C3188CE510>, estimator=RandomForestClassifier(bootstrap=True, ccp_alpha=0.0, class_weight=None,
                       criterion='gini', max_depth=None, max_features='sqrt',
                       max_leaf_nodes=None, max_samples=None,
                       min_impurity_decrease=0.0, min_samples_leaf=1,
                       min_samples_split=2, min_weight_fraction_leaf=0.0,
                       monotonic_cst=None, n_estimators=100, n_jobs=-1,
                       oob_score=False, random_state=33, verbose=0,
                       warm_start=False), fold=StratifiedKFold(n_splits=10, random_state=None, shuffle=False), round=4, cross_validation=False, predict=False, fit_kwargs={}, groups=None, refit=True, probability_threshold=None, experiment_custom_tags=None, verbose=False, system=False, add_to_model_list=True, metrics=None, display=None, model_only=True, return_train_score=False, error_score=0.0, kwargs={})
2025-02-21 19:54:48,228:INFO:Checking exceptions
2025-02-21 19:54:48,228:INFO:Importing libraries
2025-02-21 19:54:48,228:INFO:Copying training dataset
2025-02-21 19:54:48,231:INFO:Defining folds
2025-02-21 19:54:48,231:INFO:Declaring metric variables
2025-02-21 19:54:48,231:INFO:Importing untrained model
2025-02-21 19:54:48,231:INFO:Declaring custom model
2025-02-21 19:54:48,231:INFO:Random Forest Classifier Imported successfully
2025-02-21 19:54:48,231:INFO:Cross validation set to False
2025-02-21 19:54:48,231:INFO:Fitting Model
2025-02-21 19:54:48,403:INFO:RandomForestClassifier(bootstrap=True, ccp_alpha=0.0, class_weight=None,
                       criterion='gini', max_depth=None, max_features='sqrt',
                       max_leaf_nodes=None, max_samples=None,
                       min_impurity_decrease=0.0, min_samples_leaf=1,
                       min_samples_split=2, min_weight_fraction_leaf=0.0,
                       monotonic_cst=None, n_estimators=100, n_jobs=-1,
                       oob_score=False, random_state=33, verbose=0,
                       warm_start=False)
2025-02-21 19:54:48,403:INFO:create_model() successfully completed......................................
2025-02-21 19:54:48,506:INFO:Initializing create_model()
2025-02-21 19:54:48,506:INFO:create_model(self=<pycaret.classification.oop.ClassificationExperiment object at 0x000002C3188CE510>, estimator=DecisionTreeClassifier(ccp_alpha=0.0, class_weight=None, criterion='gini',
                       max_depth=None, max_features=None, max_leaf_nodes=None,
                       min_impurity_decrease=0.0, min_samples_leaf=1,
                       min_samples_split=2, min_weight_fraction_leaf=0.0,
                       monotonic_cst=None, random_state=33, splitter='best'), fold=StratifiedKFold(n_splits=10, random_state=None, shuffle=False), round=4, cross_validation=False, predict=False, fit_kwargs={}, groups=None, refit=True, probability_threshold=None, experiment_custom_tags=None, verbose=False, system=False, add_to_model_list=True, metrics=None, display=None, model_only=True, return_train_score=False, error_score=0.0, kwargs={})
2025-02-21 19:54:48,506:INFO:Checking exceptions
2025-02-21 19:54:48,506:INFO:Importing libraries
2025-02-21 19:54:48,506:INFO:Copying training dataset
2025-02-21 19:54:48,509:INFO:Defining folds
2025-02-21 19:54:48,509:INFO:Declaring metric variables
2025-02-21 19:54:48,509:INFO:Importing untrained model
2025-02-21 19:54:48,510:INFO:Declaring custom model
2025-02-21 19:54:48,510:INFO:Decision Tree Classifier Imported successfully
2025-02-21 19:54:48,510:INFO:Cross validation set to False
2025-02-21 19:54:48,510:INFO:Fitting Model
2025-02-21 19:54:48,537:INFO:DecisionTreeClassifier(ccp_alpha=0.0, class_weight=None, criterion='gini',
                       max_depth=None, max_features=None, max_leaf_nodes=None,
                       min_impurity_decrease=0.0, min_samples_leaf=1,
                       min_samples_split=2, min_weight_fraction_leaf=0.0,
                       monotonic_cst=None, random_state=33, splitter='best')
2025-02-21 19:54:48,537:INFO:create_model() successfully completed......................................
2025-02-21 19:54:48,644:INFO:_master_model_container: 17
2025-02-21 19:54:48,644:INFO:_display_container: 2
2025-02-21 19:54:48,645:INFO:[ExtraTreesClassifier(bootstrap=False, ccp_alpha=0.0, class_weight=None,
                     criterion='gini', max_depth=None, max_features='sqrt',
                     max_leaf_nodes=None, max_samples=None,
                     min_impurity_decrease=0.0, min_samples_leaf=1,
                     min_samples_split=2, min_weight_fraction_leaf=0.0,
                     monotonic_cst=None, n_estimators=100, n_jobs=-1,
                     oob_score=False, random_state=33, verbose=0,
                     warm_start=False), RandomForestClassifier(bootstrap=True, ccp_alpha=0.0, class_weight=None,
                       criterion='gini', max_depth=None, max_features='sqrt',
                       max_leaf_nodes=None, max_samples=None,
                       min_impurity_decrease=0.0, min_samples_leaf=1,
                       min_samples_split=2, min_weight_fraction_leaf=0.0,
                       monotonic_cst=None, n_estimators=100, n_jobs=-1,
                       oob_score=False, random_state=33, verbose=0,
                       warm_start=False), DecisionTreeClassifier(ccp_alpha=0.0, class_weight=None, criterion='gini',
                       max_depth=None, max_features=None, max_leaf_nodes=None,
                       min_impurity_decrease=0.0, min_samples_leaf=1,
                       min_samples_split=2, min_weight_fraction_leaf=0.0,
                       monotonic_cst=None, random_state=33, splitter='best')]
2025-02-21 19:54:48,645:INFO:compare_models() successfully completed......................................
2025-02-21 19:54:48,647:INFO:Initializing get_config()
2025-02-21 19:54:48,647:INFO:get_config(self=<pycaret.classification.oop.ClassificationExperiment object at 0x000002C3188CE510>, variable=X_test)
2025-02-21 19:54:48,648:INFO:Variable: 'X_test' used to return the transformed values in PyCaret 2.x. From PyCaret 3.x, this will return the raw values. If you need the transformed values, call get_config with 'X_test_transformed' instead.
2025-02-21 19:54:48,649:WARNING:C:\Users\diver\anaconda3\envs\namedesprojekts\Lib\site-packages\pycaret\internal\pycaret_experiment\pycaret_experiment.py:321: UserWarning: Variable: 'X_test' used to return the transformed values in PyCaret 2.x. From PyCaret 3.x, this will return the raw values. If you need the transformed values, call get_config with 'X_test_transformed' instead.
  warnings.warn(msg)  # print on screen

2025-02-21 19:54:48,652:INFO:Variable:  returned as        feature_1  feature_2
7218   -0.861567  -0.041402
9104   -0.240837   1.732869
13356  -1.752638  -1.118500
10910  -0.793842  -0.136372
9840   -0.153218  -0.508827
...          ...        ...
7899   -1.559814  -0.281500
11074  -1.977212  -0.753663
9256   -1.130970  -0.522166
12243  -0.526213  -1.068893
10232   2.472486  -1.695353

[3448 rows x 2 columns]
2025-02-21 19:54:48,652:INFO:get_config() successfully completed......................................
2025-02-21 19:54:48,652:INFO:Initializing predict_model()
2025-02-21 19:54:48,652:INFO:predict_model(self=<pycaret.classification.oop.ClassificationExperiment object at 0x000002C3188CE510>, estimator=ExtraTreesClassifier(bootstrap=False, ccp_alpha=0.0, class_weight=None,
                     criterion='gini', max_depth=None, max_features='sqrt',
                     max_leaf_nodes=None, max_samples=None,
                     min_impurity_decrease=0.0, min_samples_leaf=1,
                     min_samples_split=2, min_weight_fraction_leaf=0.0,
                     monotonic_cst=None, n_estimators=100, n_jobs=-1,
                     oob_score=False, random_state=33, verbose=0,
                     warm_start=False), probability_threshold=None, encoded_labels=False, raw_score=False, round=4, verbose=True, ml_usecase=None, preprocess=True, encode_labels=<function _SupervisedExperiment.predict_model.<locals>.encode_labels at 0x000002C309558400>)
2025-02-21 19:54:48,652:INFO:Checking exceptions
2025-02-21 19:54:48,652:INFO:Preloading libraries
2025-02-21 19:54:48,653:INFO:Set up data.
2025-02-21 19:54:48,653:INFO:Set up index.
2025-02-21 19:54:48,821:INFO:Initializing get_config()
2025-02-21 19:54:48,821:INFO:get_config(self=<pycaret.classification.oop.ClassificationExperiment object at 0x000002C3188CE510>, variable=X_train)
2025-02-21 19:54:48,821:INFO:Variable: 'X_train' used to return the transformed values in PyCaret 2.x. From PyCaret 3.x, this will return the raw values. If you need the transformed values, call get_config with 'X_train_transformed' instead.
2025-02-21 19:54:48,821:WARNING:C:\Users\diver\anaconda3\envs\namedesprojekts\Lib\site-packages\pycaret\internal\pycaret_experiment\pycaret_experiment.py:321: UserWarning: Variable: 'X_train' used to return the transformed values in PyCaret 2.x. From PyCaret 3.x, this will return the raw values. If you need the transformed values, call get_config with 'X_train_transformed' instead.
  warnings.warn(msg)  # print on screen

2025-02-21 19:54:48,826:INFO:Variable:  returned as        feature_1  feature_2
7918   -1.266515   0.719804
3308   -0.089876   1.024146
4755   -0.278422   1.113784
3050    2.018526  -0.154499
6082   -1.077224   0.996225
...          ...        ...
6012   -1.057984   0.373773
12466  -0.518772  -1.335544
3101    0.949087   0.727645
599     0.343598   2.470994
11868  -1.897405  -0.197011

[10344 rows x 2 columns]
2025-02-21 19:54:48,826:INFO:get_config() successfully completed......................................
2025-02-21 19:54:48,826:INFO:Initializing get_config()
2025-02-21 19:54:48,826:INFO:get_config(self=<pycaret.classification.oop.ClassificationExperiment object at 0x000002C3188CE510>, variable=X_test)
2025-02-21 19:54:48,826:INFO:Variable: 'X_test' used to return the transformed values in PyCaret 2.x. From PyCaret 3.x, this will return the raw values. If you need the transformed values, call get_config with 'X_test_transformed' instead.
2025-02-21 19:54:48,826:WARNING:C:\Users\diver\anaconda3\envs\namedesprojekts\Lib\site-packages\pycaret\internal\pycaret_experiment\pycaret_experiment.py:321: UserWarning: Variable: 'X_test' used to return the transformed values in PyCaret 2.x. From PyCaret 3.x, this will return the raw values. If you need the transformed values, call get_config with 'X_test_transformed' instead.
  warnings.warn(msg)  # print on screen

2025-02-21 19:54:48,830:INFO:Variable:  returned as        feature_1  feature_2
7218   -0.861567  -0.041402
9104   -0.240837   1.732869
13356  -1.752638  -1.118500
10910  -0.793842  -0.136372
9840   -0.153218  -0.508827
...          ...        ...
7899   -1.559814  -0.281500
11074  -1.977212  -0.753663
9256   -1.130970  -0.522166
12243  -0.526213  -1.068893
10232   2.472486  -1.695353

[3448 rows x 2 columns]
2025-02-21 19:54:48,830:INFO:get_config() successfully completed......................................
2025-02-21 19:54:48,830:INFO:Initializing get_config()
2025-02-21 19:54:48,830:INFO:get_config(self=<pycaret.classification.oop.ClassificationExperiment object at 0x000002C3188CE510>, variable=y_train)
2025-02-21 19:54:48,830:INFO:Variable: 'y_train' used to return the transformed values in PyCaret 2.x. From PyCaret 3.x, this will return the raw values. If you need the transformed values, call get_config with 'y_train_transformed' instead.
2025-02-21 19:54:48,830:WARNING:C:\Users\diver\anaconda3\envs\namedesprojekts\Lib\site-packages\pycaret\internal\pycaret_experiment\pycaret_experiment.py:321: UserWarning: Variable: 'y_train' used to return the transformed values in PyCaret 2.x. From PyCaret 3.x, this will return the raw values. If you need the transformed values, call get_config with 'y_train_transformed' instead.
  warnings.warn(msg)  # print on screen

2025-02-21 19:54:48,831:INFO:Variable:  returned as 7918     1
3308     0
4755     1
3050     1
6082     1
        ..
6012     0
12466    1
3101     1
599      1
11868    1
Name: outcome, Length: 10344, dtype: int8
2025-02-21 19:54:48,831:INFO:get_config() successfully completed......................................
2025-02-21 19:54:48,831:INFO:Initializing get_config()
2025-02-21 19:54:48,831:INFO:get_config(self=<pycaret.classification.oop.ClassificationExperiment object at 0x000002C3188CE510>, variable=y_test)
2025-02-21 19:54:48,831:INFO:Variable: 'y_test' used to return the transformed values in PyCaret 2.x. From PyCaret 3.x, this will return the raw values. If you need the transformed values, call get_config with 'y_test_transformed' instead.
2025-02-21 19:54:48,831:WARNING:C:\Users\diver\anaconda3\envs\namedesprojekts\Lib\site-packages\pycaret\internal\pycaret_experiment\pycaret_experiment.py:321: UserWarning: Variable: 'y_test' used to return the transformed values in PyCaret 2.x. From PyCaret 3.x, this will return the raw values. If you need the transformed values, call get_config with 'y_test_transformed' instead.
  warnings.warn(msg)  # print on screen

2025-02-21 19:54:48,833:INFO:Variable:  returned as 7218     0
9104     1
13356    1
10910    1
9840     0
        ..
7899     1
11074    0
9256     0
12243    1
10232    1
Name: outcome, Length: 3448, dtype: int8
2025-02-21 19:54:48,833:INFO:get_config() successfully completed......................................
2025-02-21 19:54:48,976:INFO:Initializing predict_model()
2025-02-21 19:54:48,976:INFO:predict_model(self=<pycaret.classification.oop.ClassificationExperiment object at 0x000002C3188CE510>, estimator=ExtraTreesClassifier(bootstrap=False, ccp_alpha=0.0, class_weight=None,
                     criterion='gini', max_depth=None, max_features='sqrt',
                     max_leaf_nodes=None, max_samples=None,
                     min_impurity_decrease=0.0, min_samples_leaf=1,
                     min_samples_split=2, min_weight_fraction_leaf=0.0,
                     monotonic_cst=None, n_estimators=100, n_jobs=-1,
                     oob_score=False, random_state=33, verbose=0,
                     warm_start=False), probability_threshold=None, encoded_labels=False, raw_score=False, round=4, verbose=True, ml_usecase=None, preprocess=True, encode_labels=<function _SupervisedExperiment.predict_model.<locals>.encode_labels at 0x000002C378B6F2E0>)
2025-02-21 19:54:48,976:INFO:Checking exceptions
2025-02-21 19:54:48,976:INFO:Preloading libraries
2025-02-21 19:54:48,976:INFO:Set up data.
2025-02-21 19:54:48,977:INFO:Set up index.
2025-02-23 12:11:44,516:WARNING:
'cuml' is a soft dependency and not included in the pycaret installation. Please run: `pip install cuml` to install.
2025-02-23 12:11:44,516:WARNING:
'cuml' is a soft dependency and not included in the pycaret installation. Please run: `pip install cuml` to install.
2025-02-23 12:11:44,516:WARNING:
'cuml' is a soft dependency and not included in the pycaret installation. Please run: `pip install cuml` to install.
2025-02-23 12:11:44,516:WARNING:
'cuml' is a soft dependency and not included in the pycaret installation. Please run: `pip install cuml` to install.
2025-02-24 08:38:22,780:WARNING:
'cuml' is a soft dependency and not included in the pycaret installation. Please run: `pip install cuml` to install.
2025-02-24 08:38:22,780:WARNING:
'cuml' is a soft dependency and not included in the pycaret installation. Please run: `pip install cuml` to install.
2025-02-24 08:38:22,780:WARNING:
'cuml' is a soft dependency and not included in the pycaret installation. Please run: `pip install cuml` to install.
2025-02-24 08:38:22,780:WARNING:
'cuml' is a soft dependency and not included in the pycaret installation. Please run: `pip install cuml` to install.
2025-02-24 13:56:47,708:WARNING:
'cuml' is a soft dependency and not included in the pycaret installation. Please run: `pip install cuml` to install.
2025-02-24 13:56:47,708:WARNING:
'cuml' is a soft dependency and not included in the pycaret installation. Please run: `pip install cuml` to install.
2025-02-24 13:56:47,708:WARNING:
'cuml' is a soft dependency and not included in the pycaret installation. Please run: `pip install cuml` to install.
2025-02-24 13:56:47,708:WARNING:
'cuml' is a soft dependency and not included in the pycaret installation. Please run: `pip install cuml` to install.
2025-02-24 14:25:10,930:WARNING:
'cuml' is a soft dependency and not included in the pycaret installation. Please run: `pip install cuml` to install.
2025-02-24 14:25:10,930:WARNING:
'cuml' is a soft dependency and not included in the pycaret installation. Please run: `pip install cuml` to install.
2025-02-24 14:25:10,930:WARNING:
'cuml' is a soft dependency and not included in the pycaret installation. Please run: `pip install cuml` to install.
2025-02-24 14:25:10,930:WARNING:
'cuml' is a soft dependency and not included in the pycaret installation. Please run: `pip install cuml` to install.
